native/handoff-background-location/android/build/intermediates/manifest_merge_blame_file/debug/processDebugManifest/manifest-merger-blame-debug-report.txt
1<?xml version="1.0" encoding="utf-8"?>
2<manifest xmlns:android="http://schemas.android.com/apk/res/android"
3    package="il.ac.runi.switchit.handoff" >
4
5    <uses-sdk android:minSdkVersion="24" />
6    <!--
7      While-in-use fine/coarse + location FGS is enough for claim-scoped tracking
8      while the foreground service runs (including when Waze is on top).
9      Do NOT require ACCESS_BACKGROUND_LOCATION for this architecture.
10    -->
11    <uses-permission android:name="android.permission.ACCESS_COARSE_LOCATION" />
11-->src/main/AndroidManifest.xml:8:5-81
11-->src/main/AndroidManifest.xml:8:22-78
12    <uses-permission android:name="android.permission.ACCESS_FINE_LOCATION" />
12-->src/main/AndroidManifest.xml:9:5-79
12-->src/main/AndroidManifest.xml:9:22-76
13    <uses-permission android:name="android.permission.FOREGROUND_SERVICE" />
13-->src/main/AndroidManifest.xml:10:5-77
13-->src/main/AndroidManifest.xml:10:22-74
14    <uses-permission android:name="android.permission.FOREGROUND_SERVICE_LOCATION" />
14-->src/main/AndroidManifest.xml:11:5-86
14-->src/main/AndroidManifest.xml:11:22-83
15    <uses-permission android:name="android.permission.POST_NOTIFICATIONS" />
15-->src/main/AndroidManifest.xml:12:5-77
15-->src/main/AndroidManifest.xml:12:22-74
16
17    <application>
17-->src/main/AndroidManifest.xml:14:5-20:19
18        <service
18-->src/main/AndroidManifest.xml:15:9-19:44
19            android:name="il.ac.runi.switchit.handoff.HandoffLocationForegroundService"
19-->src/main/AndroidManifest.xml:16:13-61
20            android:exported="false"
20-->src/main/AndroidManifest.xml:17:13-37
21            android:foregroundServiceType="location"
21-->src/main/AndroidManifest.xml:18:13-53
22            android:stopWithTask="false" />
22-->src/main/AndroidManifest.xml:19:13-41
23    </application>
24
25</manifest>